<?xml version="1.0" encoding="UTF-8"?>
<testng-results ignored="0" total="1" passed="1" failed="0" skipped="0">
  <reporter-output>
  </reporter-output>
  <suite started-at="2023-01-28T11:00:50 IST" name="Default suite" finished-at="2023-01-28T11:00:50 IST" duration-ms="134">
    <groups>
    </groups>
    <test started-at="2023-01-28T11:00:50 IST" name="Default test" finished-at="2023-01-28T11:00:50 IST" duration-ms="134">
      <class name="maven_github.Create_test1">
        <test-method signature="create()[pri:0, instance:maven_github.Create_test1@550ee7e5]" started-at="2023-01-28T11:00:50 IST" name="create" finished-at="2023-01-28T11:00:50 IST" duration-ms="17" status="PASS">
          <reporter-output>
          </reporter-output>
        </test-method> <!-- create -->
      </class> <!-- maven_github.Create_test1 -->
    </test> <!-- Default test -->
  </suite> <!-- Default suite -->
</testng-results>
